#
# There is insufficient memory for the Java Runtime Environment to continue.
# Native memory allocation (mmap) failed to map 12884901888 bytes. Error detail: committing reserved memory.
# Possible reasons:
#   The system is out of physical RAM or swap space
#   This process is running with CompressedOops enabled, and the Java Heap may be blocking the growth of the native heap
# Possible solutions:
#   Reduce memory load on the system
#   Increase physical memory or swap space
#   Check if swap backing store is full
#   Decrease Java heap size (-Xmx/-Xms)
#   Decrease number of Java threads
#   Decrease Java thread stack sizes (-Xss)
#   Set larger code cache with -XX:ReservedCodeCacheSize=
#   JVM is running with Zero Based Compressed Oops mode in which the Java heap is
#     placed in the first 32GB address space. The Java Heap base address is the
#     maximum limit for the native heap growth. Please use -XX:HeapBaseMinAddress
#     to set the Java Heap base and to place the Java Heap above 32GB virtual address.
# This output file may be truncated or incomplete.
#
#  Out of Memory Error (os_linux.cpp:2844), pid=328, tid=329
#
# JRE version:  (22.0.1+8) (build )
# Java VM: Java HotSpot(TM) 64-Bit Server VM (22.0.1+8-jvmci-b01, mixed mode, sharing, tiered, jvmci, jvmci compiler, compressed oops, compressed class ptrs, g1 gc, linux-amd64)
# No core dump will be written. Core dumps have been disabled. To enable core dumping, try "ulimit -c unlimited" before starting Java again
#

---------------  S U M M A R Y ------------

Command Line: -XX:ThreadPriorityPolicy=1 -XX:+UnlockExperimentalVMOptions -XX:+EnableJVMCIProduct -XX:-UnlockExperimentalVMOptions -Xmx12288M -Xms12288M -XX:+UseG1GC /opt/sfw/minecraft/minecraft_server.1.21.4.jar nogui

Host: Intel(R) Xeon(R) CPU E5-2670 v2 @ 2.50GHz, 8 cores, 5G, Oracle Linux Server release 7.8
Time: Thu Feb 27 11:00:13 2025 JST elapsed time: 0.048869 seconds (0d 0h 0m 0s)

---------------  T H R E A D  ---------------

Current thread (0x00007f5ad8028570):  JavaThread "Unknown thread" [_thread_in_vm, id=329, stack(0x00007f5adeb91000,0x00007f5adec92000) (1028K)]

Stack: [0x00007f5adeb91000,0x00007f5adec92000],  sp=0x00007f5adec904e0,  free space=1021k
Native frames: (J=compiled Java code, j=interpreted, Vv=VM code, C=native code)
V  [libjvm.so+0xf46306]  VMError::report_and_die(int, char const*, char const*, __va_list_tag*, Thread*, unsigned char*, void*, void*, char const*, int, unsigned long)+0x2b6  (os_linux.cpp:2844)
V  [libjvm.so+0xf46d3d]
V  [libjvm.so+0x68c69d]
V  [libjvm.so+0xcdc63d]  os::pd_commit_memory_or_exit(char*, unsigned long, unsigned long, bool, char const*)+0xdd
V  [libjvm.so+0xcd577b]  os::commit_memory_or_exit(char*, unsigned long, unsigned long, bool, char const*)+0x1b
V  [libjvm.so+0x7eefeb]  G1PageBasedVirtualSpace::commit(unsigned long, unsigned long)+0x5b
V  [libjvm.so+0x806d37]  G1RegionsLargerThanCommitSizeMapper::commit_regions(unsigned int, unsigned long, WorkerThreads*)+0xa7
V  [libjvm.so+0x897e56]  HeapRegionManager::commit_regions(unsigned int, unsigned long, WorkerThreads*)+0x56
V  [libjvm.so+0x899a9b]  HeapRegionManager::expand(unsigned int, unsigned int, WorkerThreads*)+0x2b
V  [libjvm.so+0x899ca5]  HeapRegionManager::expand_by(unsigned int, WorkerThreads*)+0x75
V  [libjvm.so+0x7a325c]  G1CollectedHeap::expand(unsigned long, WorkerThreads*, double*)+0xfc
V  [libjvm.so+0x7a37fa]  G1CollectedHeap::initialize()+0x54a
V  [libjvm.so+0xee9d10]  universe_init()+0xd0
V  [libjvm.so+0x8bb8e6]  init_globals()+0x36
V  [libjvm.so+0xec96a7]  Threads::create_vm(JavaVMInitArgs*, bool*)+0x297
V  [libjvm.so+0x99764e]  JNI_CreateJavaVM+0x4e
C  [libjli.so+0x3c2f]  JavaMain+0x8f
C  [libjli.so+0x7ee9]  ThreadJavaMain+0x9

---------------  P R O C E S S  ---------------

Threads class SMR info:
_java_thread_list=0x00007f5ade07f520, length=0, elements={
}

Java Threads: ( => current thread )
Total: 0

Other Threads:
  0x00007f5ad8080420 WorkerThread "GC Thread#0"                     [id=330, stack(0x00007f5aafc06000,0x00007f5aafd06000) (1024K)]
  0x00007f5ad808db60 ConcurrentGCThread "G1 Main Marker"            [id=331, stack(0x00007f5aafb05000,0x00007f5aafc05000) (1024K)]
  0x00007f5ad808ec20 WorkerThread "G1 Conc#0"                       [id=332, stack(0x00007f5aafa04000,0x00007f5aafb04000) (1024K)]

[error occurred during error reporting (printing all threads), id 0xb, SIGSEGV (0xb) at pc=0x00007f5add39aeb0]
VM state: not at safepoint (not fully initialized)

VM Mutex/Monitor currently owned by a thread:  ([mutex/lock_event])
[0x00007f5ade059880] Heap_lock - owner thread: 0x00007f5ad8028570

Heap address: 0x0000000500000000, size: 12288 MB, Compressed Oops mode: Zero based, Oop shift amount: 3

CDS archive(s) mapped at: [0x0000000000000000-0x0000000000000000-0x0000000000000000), size 0, SharedBaseAddress: 0x0000000800000000, ArchiveRelocationMode: 1.
Narrow klass base: 0x0000000000000000, Narrow klass shift: 0, Narrow klass range: 0x0

GC Precious Log:
 CardTable entry size: 512
 Card Set container configuration: InlinePtr #cards 4 size 8 Array Of Cards #cards 64 size 144 Howl #buckets 8 coarsen threshold 14745 Howl Bitmap #cards 2048 size 272 coarsen threshold 1843 Card regions per heap region 1 cards per card region 16384

Heap:
 garbage-first heap   total reserved 12582912K, committed 0K, used 0K [0x0000000500000000, 0x0000000800000000)
  region size 8192K, 0 young (0K), 0 survivors (0K)

[error occurred during error reporting (printing heap information), id 0xb, SIGSEGV (0xb) at pc=0x00007f5add96467a]
GC Heap History (0 events):
No events

Dll operation events (1 events):
Event: 0.033 Loaded shared library /opt/sfw/graalvm-jdk-22.0.1+8.1/lib/libjava.so

Deoptimization events (0 events):
No events

Classes loaded (0 events):
No events

Classes unloaded (0 events):
No events

Classes redefined (0 events):
No events

Internal exceptions (0 events):
No events

ZGC Phase Switch (0 events):
No events

VM Operations (0 events):
No events

Events (1 events):
Event: 0.031 Protecting memory [0x00007f5adeb91000,0x00007f5adeb95000] with protection modes 0


Dynamic libraries:
555d39663000-555d39664000 r-xp 00000000 fd:01 33659723                   /opt/sfw/graalvm-jdk-22.0.1+8.1/bin/java
555d39665000-555d39666000 r--p 00001000 fd:01 33659723                   /opt/sfw/graalvm-jdk-22.0.1+8.1/bin/java
555d39666000-555d39667000 rw-p 00002000 fd:01 33659723                   /opt/sfw/graalvm-jdk-22.0.1+8.1/bin/java
555d3b410000-555d3b456000 rw-p 00000000 00:00 0                          [heap]
7f5aa0000000-7f5aa0021000 rw-p 00000000 00:00 0 
7f5aa0021000-7f5aa4000000 ---p 00000000 00:00 0 
7f5aa4000000-7f5aa4021000 rw-p 00000000 00:00 0 
7f5aa4021000-7f5aa8000000 ---p 00000000 00:00 0 
7f5aa8000000-7f5aa8021000 rw-p 00000000 00:00 0 
7f5aa8021000-7f5aac000000 ---p 00000000 00:00 0 
7f5aacdc2000-7f5aafa03000 rw-p 00000000 00:00 0 
7f5aafa03000-7f5aafa04000 ---p 00000000 00:00 0 
7f5aafa04000-7f5aafb04000 rw-p 00000000 00:00 0 
7f5aafb04000-7f5aafb05000 ---p 00000000 00:00 0 
7f5aafb05000-7f5aafc05000 rw-p 00000000 00:00 0 
7f5aafc05000-7f5aafc06000 ---p 00000000 00:00 0 
7f5aafc06000-7f5aafd06000 rw-p 00000000 00:00 0 
7f5aafd06000-7f5abed06000 ---p 00000000 00:00 0 
7f5abed06000-7f5abf30c000 rw-p 00000000 00:00 0 
7f5abf30c000-7f5abf57c000 rwxp 00000000 00:00 0 
7f5abf57c000-7f5ac67b7000 ---p 00000000 00:00 0 
7f5ac67b7000-7f5ac6a27000 rwxp 00000000 00:00 0 
7f5ac6a27000-7f5ac6e60000 ---p 00000000 00:00 0 
7f5ac6e60000-7f5ac70d0000 rwxp 00000000 00:00 0 
7f5ac70d0000-7f5ace30c000 ---p 00000000 00:00 0 
7f5ace30c000-7f5ad8000000 r--s 00000000 fd:01 100723238                  /opt/sfw/graalvm-jdk-22.0.1+8.1/lib/modules
7f5ad8000000-7f5ad80bc000 rw-p 00000000 00:00 0 
7f5ad80bc000-7f5adc000000 ---p 00000000 00:00 0 
7f5adc085000-7f5adc2f0000 rw-p 00000000 00:00 0 
7f5adc2f0000-7f5adc3d5000 ---p 00000000 00:00 0 
7f5adc3d5000-7f5adc3da000 rw-p 00000000 00:00 0 
7f5adc3da000-7f5adc4bf000 ---p 00000000 00:00 0 
7f5adc4bf000-7f5adc4cb000 r-xp 00000000 fd:01 69133388                   /usr/lib64/libnss_files-2.17.so
7f5adc4cb000-7f5adc6ca000 ---p 0000c000 fd:01 69133388                   /usr/lib64/libnss_files-2.17.so
7f5adc6ca000-7f5adc6cb000 r--p 0000b000 fd:01 69133388                   /usr/lib64/libnss_files-2.17.so
7f5adc6cb000-7f5adc6cc000 rw-p 0000c000 fd:01 69133388                   /usr/lib64/libnss_files-2.17.so
7f5adc6cc000-7f5adc6d2000 rw-p 00000000 00:00 0 
7f5adc6d2000-7f5adc7d3000 r-xp 00000000 fd:01 67387677                   /usr/lib64/libm-2.17.so
7f5adc7d3000-7f5adc9d2000 ---p 00101000 fd:01 67387677                   /usr/lib64/libm-2.17.so
7f5adc9d2000-7f5adc9d3000 r--p 00100000 fd:01 67387677                   /usr/lib64/libm-2.17.so
7f5adc9d3000-7f5adc9d4000 rw-p 00101000 fd:01 67387677                   /usr/lib64/libm-2.17.so
7f5adc9d4000-7f5adc9db000 r-xp 00000000 fd:01 69377319                   /usr/lib64/librt-2.17.so
7f5adc9db000-7f5adcbda000 ---p 00007000 fd:01 69377319                   /usr/lib64/librt-2.17.so
7f5adcbda000-7f5adcbdb000 r--p 00006000 fd:01 69377319                   /usr/lib64/librt-2.17.so
7f5adcbdb000-7f5adcbdc000 rw-p 00007000 fd:01 69377319                   /usr/lib64/librt-2.17.so
7f5adcbdc000-7f5addf1c000 r-xp 00000000 fd:01 109417                     /opt/sfw/graalvm-jdk-22.0.1+8.1/lib/server/libjvm.so
7f5addf1c000-7f5addfe9000 r--p 0133f000 fd:01 109417                     /opt/sfw/graalvm-jdk-22.0.1+8.1/lib/server/libjvm.so
7f5addfe9000-7f5ade017000 rw-p 0140c000 fd:01 109417                     /opt/sfw/graalvm-jdk-22.0.1+8.1/lib/server/libjvm.so
7f5ade017000-7f5ade08d000 rw-p 00000000 00:00 0 
7f5ade08d000-7f5ade250000 r-xp 00000000 fd:01 67166887                   /usr/lib64/libc-2.17.so
7f5ade250000-7f5ade450000 ---p 001c3000 fd:01 67166887                   /usr/lib64/libc-2.17.so
7f5ade450000-7f5ade454000 r--p 001c3000 fd:01 67166887                   /usr/lib64/libc-2.17.so
7f5ade454000-7f5ade456000 rw-p 001c7000 fd:01 67166887                   /usr/lib64/libc-2.17.so
7f5ade456000-7f5ade45b000 rw-p 00000000 00:00 0 
7f5ade45b000-7f5ade45d000 r-xp 00000000 fd:01 67166890                   /usr/lib64/libdl-2.17.so
7f5ade45d000-7f5ade65d000 ---p 00002000 fd:01 67166890                   /usr/lib64/libdl-2.17.so
7f5ade65d000-7f5ade65e000 r--p 00002000 fd:01 67166890                   /usr/lib64/libdl-2.17.so
7f5ade65e000-7f5ade65f000 rw-p 00003000 fd:01 67166890                   /usr/lib64/libdl-2.17.so
7f5ade65f000-7f5ade676000 r-xp 00000000 fd:01 69377296                   /usr/lib64/libpthread-2.17.so
7f5ade676000-7f5ade875000 ---p 00017000 fd:01 69377296                   /usr/lib64/libpthread-2.17.so
7f5ade875000-7f5ade876000 r--p 00016000 fd:01 69377296                   /usr/lib64/libpthread-2.17.so
7f5ade876000-7f5ade877000 rw-p 00017000 fd:01 69377296                   /usr/lib64/libpthread-2.17.so
7f5ade877000-7f5ade87b000 rw-p 00000000 00:00 0 
7f5ade87b000-7f5ade890000 r-xp 00000000 fd:01 67166615                   /usr/lib64/libz.so.1.2.7
7f5ade890000-7f5adea8f000 ---p 00015000 fd:01 67166615                   /usr/lib64/libz.so.1.2.7
7f5adea8f000-7f5adea90000 r--p 00014000 fd:01 67166615                   /usr/lib64/libz.so.1.2.7
7f5adea90000-7f5adea91000 rw-p 00015000 fd:01 67166615                   /usr/lib64/libz.so.1.2.7
7f5adea91000-7f5adeab3000 r-xp 00000000 fd:01 67166546                   /usr/lib64/ld-2.17.so
7f5adead5000-7f5adeb3b000 rw-p 00000000 00:00 0 
7f5adeb3b000-7f5adeb44000 ---p 00000000 00:00 0 
7f5adeb44000-7f5adeb64000 r-xp 00000000 fd:01 100723248                  /opt/sfw/graalvm-jdk-22.0.1+8.1/lib/libjava.so
7f5adeb64000-7f5adeb65000 ---p 00020000 fd:01 100723248                  /opt/sfw/graalvm-jdk-22.0.1+8.1/lib/libjava.so
7f5adeb65000-7f5adeb66000 r--p 00020000 fd:01 100723248                  /opt/sfw/graalvm-jdk-22.0.1+8.1/lib/libjava.so
7f5adeb66000-7f5adeb67000 rw-p 00021000 fd:01 100723248                  /opt/sfw/graalvm-jdk-22.0.1+8.1/lib/libjava.so
7f5adeb67000-7f5adeb68000 rw-p 00000000 00:00 0 
7f5adeb68000-7f5adeb70000 rw-s 00000000 fd:01 67166087                   /tmp/hsperfdata_minecraft/328
7f5adeb70000-7f5adeb8e000 r-xp 00000000 fd:01 100723249                  /opt/sfw/graalvm-jdk-22.0.1+8.1/lib/libjimage.so
7f5adeb8e000-7f5adeb90000 r--p 0001d000 fd:01 100723249                  /opt/sfw/graalvm-jdk-22.0.1+8.1/lib/libjimage.so
7f5adeb90000-7f5adeb91000 rw-p 0001f000 fd:01 100723249                  /opt/sfw/graalvm-jdk-22.0.1+8.1/lib/libjimage.so
7f5adeb91000-7f5adeb95000 ---p 00000000 00:00 0 
7f5adeb95000-7f5adec96000 rw-p 00000000 00:00 0 
7f5adec96000-7f5adeca5000 r-xp 00000000 fd:01 100723251                  /opt/sfw/graalvm-jdk-22.0.1+8.1/lib/libjli.so
7f5adeca5000-7f5adeca6000 r--p 0000e000 fd:01 100723251                  /opt/sfw/graalvm-jdk-22.0.1+8.1/lib/libjli.so
7f5adeca6000-7f5adeca7000 rw-p 0000f000 fd:01 100723251                  /opt/sfw/graalvm-jdk-22.0.1+8.1/lib/libjli.so
7f5adeca7000-7f5adeca8000 rw-p 00000000 00:00 0 
7f5adecac000-7f5adecae000 rw-p 00000000 00:00 0 
7f5adecae000-7f5adecaf000 ---p 00000000 00:00 0 
7f5adecaf000-7f5adecb0000 r--p 00000000 00:00 0 
7f5adecb0000-7f5adecb1000 ---p 00000000 00:00 0 
7f5adecb1000-7f5adecb2000 rw-p 00000000 00:00 0 
7f5adecb2000-7f5adecb3000 r--p 00021000 fd:01 67166546                   /usr/lib64/ld-2.17.so
7f5adecb3000-7f5adecb4000 rw-p 00022000 fd:01 67166546                   /usr/lib64/ld-2.17.so
7f5adecb4000-7f5adecb5000 rw-p 00000000 00:00 0 
7ffd1bdf6000-7ffd1be17000 rw-p 00000000 00:00 0                          [stack]
7ffd1bf02000-7ffd1bf04000 r-xp 00000000 00:00 0                          [vdso]
ffffffffff600000-ffffffffff601000 r-xp 00000000 00:00 0                  [vsyscall]
Total number of mappings: 96


VM Arguments:
jvm_args: -XX:ThreadPriorityPolicy=1 -XX:+UnlockExperimentalVMOptions -XX:+EnableJVMCIProduct -XX:-UnlockExperimentalVMOptions -Xmx12288M -Xms12288M -XX:+UseG1GC 
java_command: /opt/sfw/minecraft/minecraft_server.1.21.4.jar nogui
java_class_path (initial): /opt/sfw/minecraft/minecraft_server.1.21.4.jar
Launcher Type: SUN_STANDARD

[Global flags]
     intx CICompilerCount                          = 4                                         {product} {ergonomic}
     uint ConcGCThreads                            = 2                                         {product} {ergonomic}
     bool EnableJVMCIProduct                       = true                                {JVMCI product} {jimage}
     uint G1ConcRefinementThreads                  = 8                                         {product} {ergonomic}
   size_t G1HeapRegionSize                         = 8388608                                   {product} {ergonomic}
   size_t InitialHeapSize                          = 12884901888                               {product} {command line}
   size_t MarkStackSize                            = 4194304                                   {product} {ergonomic}
   size_t MaxHeapSize                              = 12884901888                               {product} {command line}
   size_t MinHeapDeltaBytes                        = 8388608                                   {product} {ergonomic}
   size_t MinHeapSize                              = 12884901888                               {product} {command line}
    uintx NonNMethodCodeHeapSize                   = 6979620                                {pd product} {ergonomic}
    uintx NonProfiledCodeHeapSize                  = 122339310                              {pd product} {ergonomic}
    uintx ProfiledCodeHeapSize                     = 122339310                              {pd product} {ergonomic}
    uintx ReservedCodeCacheSize                    = 251658240                              {pd product} {ergonomic}
     bool SegmentedCodeCache                       = true                                      {product} {ergonomic}
   size_t SoftMaxHeapSize                          = 12884901888                            {manageable} {ergonomic}
      int ThreadPriorityPolicy                     = 1                                         {product} {jimage}
     bool UseCompressedOops                        = true                           {product lp64_product} {ergonomic}
     bool UseG1GC                                  = true                                      {product} {command line}

Logging:
Log output configuration:
 #0: stdout all=warning uptime,level,tags foldmultilines=false
 #1: stderr all=off uptime,level,tags foldmultilines=false

Environment Variables:
PATH=/usr/local/sbin:/usr/local/bin:/usr/sbin:/usr/bin
SHELL=/bin/bash
LANG=ja_JP.UTF-8
TERM=screen

Active Locale:
LC_ALL=C
LC_COLLATE=C
LC_CTYPE=C
LC_MESSAGES=C
LC_MONETARY=C
LC_NUMERIC=C
LC_TIME=C

Signal Handlers:
   SIGSEGV: crash_handler in libjvm.so, mask=11100100010111111101111111111110, flags=SA_RESTART|SA_SIGINFO, unblocked
    SIGBUS: crash_handler in libjvm.so, mask=11100100010111111101111111111110, flags=SA_RESTART|SA_SIGINFO, unblocked
    SIGFPE: crash_handler in libjvm.so, mask=11100100010111111101111111111110, flags=SA_RESTART|SA_SIGINFO, unblocked
   SIGPIPE: javaSignalHandler in libjvm.so, mask=11100100010111111101111111111110, flags=SA_RESTART|SA_SIGINFO, blocked
   SIGXFSZ: javaSignalHandler in libjvm.so, mask=11100100010111111101111111111110, flags=SA_RESTART|SA_SIGINFO, blocked
    SIGILL: crash_handler in libjvm.so, mask=11100100010111111101111111111110, flags=SA_RESTART|SA_SIGINFO, unblocked
   SIGUSR2: SR_handler in libjvm.so, mask=00000000000000000000000000000000, flags=SA_RESTART|SA_SIGINFO, blocked
    SIGHUP: SIG_DFL, mask=00000000000000000000000000000000, flags=none, blocked
    SIGINT: SIG_DFL, mask=00000000000000000000000000000000, flags=none, blocked
   SIGTERM: SIG_DFL, mask=00000000000000000000000000000000, flags=none, blocked
   SIGQUIT: UserHandler in libjvm.so, mask=11100100010111111101111111111110, flags=SA_RESTART|SA_SIGINFO, blocked
   SIGTRAP: crash_handler in libjvm.so, mask=11100100010111111101111111111110, flags=SA_RESTART|SA_SIGINFO, unblocked


Periodic native trim disabled

---------------  S Y S T E M  ---------------

OS:
Oracle Linux Server release 7.8
uname: Linux 3.10.0-1127.13.1.el7.x86_64 #1 SMP Tue Jun 23 15:09:26 PDT 2020 x86_64
OS uptime: 1422 days 20:55 hours
libc: glibc 2.17 NPTL 2.17 
rlimit (soft/hard): STACK 8192k/infinity , CORE 0k/infinity , NPROC 95663/95663 , NOFILE 4096/4096 , AS infinity/infinity , CPU infinity/infinity , DATA infinity/infinity , FSIZE infinity/infinity , MEMLOCK 64k/64k
load average: 1.36 0.52 0.23

/proc/meminfo:
MemTotal:        5813264 kB
MemFree:         4425392 kB
MemAvailable:    5179264 kB
Buffers:               0 kB
Cached:          1052564 kB
SwapCached:          308 kB
Active:            28660 kB
Inactive:        1047932 kB
Active(anon):      24924 kB
Inactive(anon):    39684 kB
Active(file):       3736 kB
Inactive(file):  1008248 kB
Unevictable:           0 kB
Mlocked:               0 kB
SwapTotal:       2113532 kB
SwapFree:        1309532 kB
Dirty:              2752 kB
Writeback:             0 kB
AnonPages:         22312 kB
Mapped:            17840 kB
Shmem:             40408 kB
Slab:             109324 kB
SReclaimable:      49684 kB
SUnreclaim:        59640 kB
KernelStack:        3408 kB
PageTables:         8652 kB
NFS_Unstable:          0 kB
Bounce:                0 kB
WritebackTmp:          0 kB
CommitLimit:     5020164 kB
Committed_AS:    1096188 kB
VmallocTotal:   34359738367 kB
VmallocUsed:       73048 kB
VmallocChunk:   34359658492 kB
Percpu:             2816 kB
HardwareCorrupted:     0 kB
AnonHugePages:         0 kB
CmaTotal:              0 kB
CmaFree:               0 kB
HugePages_Total:       0
HugePages_Free:        0
HugePages_Rsvd:        0
HugePages_Surp:        0
Hugepagesize:       2048 kB
DirectMap4k:       90112 kB
DirectMap2M:     7241728 kB
DirectMap1G:    17825792 kB

/sys/kernel/mm/transparent_hugepage/enabled: [always] madvise never
/sys/kernel/mm/transparent_hugepage/hpage_pmd_size: <Not Available>
/sys/kernel/mm/transparent_hugepage/shmem_enabled: <Not Available>
/sys/kernel/mm/transparent_hugepage/defrag (defrag/compaction efforts parameter): [always] madvise never

Process Memory:
Virtual Size: 1014484K (peak: 13593060K)
Resident Set Size: 13144K (peak: 13144K) (anon: 6960K, file: 6184K, shmem: 0K)
Swapped out: 0K
C-Heap outstanding allocations: 21998K, retained: 609K
glibc malloc tunables: (default)

/proc/sys/kernel/threads-max (system-wide limit on the number of threads): 191327
/proc/sys/vm/max_map_count (maximum number of memory map areas a process may have): 65530
/proc/sys/kernel/pid_max (system-wide limit on number of process identifiers): 32768

container (cgroup) information:
container_type: cgroupv1
cpu_cpuset_cpus: 0-7
cpu_memory_nodes: 0
active_processor_count: 8
cpu_quota: no quota
cpu_period: 100000
cpu_shares: no shares
memory_limit_in_bytes: unlimited
memory_and_swap_limit_in_bytes: unlimited
memory_soft_limit_in_bytes: unlimited
memory_usage_in_bytes: 1077532 k
memory_max_usage_in_bytes: unlimited
kernel_memory_usage_in_bytes: unlimited
kernel_memory_max_usage_in_bytes: unlimited
kernel_memory_limit_in_bytes: unlimited
maximum number of tasks: not supported
current number of tasks: 200

Xen hardware-assisted virtualization detected
Steal ticks since vm start: 2
Steal ticks percentage since vm start:  0.028

CPU: total 8 (initial active 8) (2 cores per cpu, 1 threads per core) family 6 model 63 stepping 2 microcode 0x42d, cx8, cmov, fxsr, mmx, sse, sse2, sse3, ssse3, sse4.1, sse4.2, popcnt, tsc, avx, aes, erms, clmul, vzeroupper, clflush, hv, rdtscp, f16c
CPU Model and flags from /proc/cpuinfo:
model name	: Intel(R) Xeon(R) CPU E5-2670 v2 @ 2.50GHz
flags		: fpu vme de pse tsc msr pae mce cx8 apic sep mtrr pge mca cmov pat pse36 clflush acpi mmx fxsr sse sse2 ht syscall nx pdpe1gb rdtscp lm constant_tsc rep_good nopl eagerfpu pni pclmulqdq ssse3 cx16 pcid sse4_1 sse4_2 x2apic popcnt tsc_deadline_timer aes xsave avx f16c rdrand hypervisor lahf_lm intel_ppin ssbd ibrs ibpb stibp fsgsbase smep erms xsaveopt spec_ctrl intel_stibp flush_l1d

Online cpus: 0-7
Offline cpus: 8-14
BIOS frequency limitation: <Not Available>
Frequency switch latency (ns): <Not Available>
Available cpu frequencies: <Not Available>
Current governor: <Not Available>
Core performance/turbo boost: <Not Available>

Memory: 4k page, physical 5827600k(5178148k free), swap 2113532k(1309532k free)
Page Sizes: 4k

vm_info: Java HotSpot(TM) 64-Bit Server VM (22.0.1+8-jvmci-b01) for linux-amd64 JRE (22.0.1+8-jvmci-b01), built on 2024-03-14T00:30:39Z by "buildslave" with gcc 13.2.0

END.
