#
# There is insufficient memory for the Java Runtime Environment to continue.
# Native memory allocation (mmap) failed to map 12884901888 bytes. Error detail: committing reserved memory.
# Possible reasons:
#   The system is out of physical RAM or swap space
#   This process is running with CompressedOops enabled, and the Java Heap may be blocking the growth of the native heap
# Possible solutions:
#   Reduce memory load on the system
#   Increase physical memory or swap space
#   Check if swap backing store is full
#   Decrease Java heap size (-Xmx/-Xms)
#   Decrease number of Java threads
#   Decrease Java thread stack sizes (-Xss)
#   Set larger code cache with -XX:ReservedCodeCacheSize=
#   JVM is running with Zero Based Compressed Oops mode in which the Java heap is
#     placed in the first 32GB address space. The Java Heap base address is the
#     maximum limit for the native heap growth. Please use -XX:HeapBaseMinAddress
#     to set the Java Heap base and to place the Java Heap above 32GB virtual address.
# This output file may be truncated or incomplete.
#
#  Out of Memory Error (os_linux.cpp:2844), pid=669, tid=670
#
# JRE version:  (22.0.1+8) (build )
# Java VM: Java HotSpot(TM) 64-Bit Server VM (22.0.1+8-jvmci-b01, mixed mode, sharing, tiered, jvmci, jvmci compiler, compressed oops, compressed class ptrs, g1 gc, linux-amd64)
# No core dump will be written. Core dumps have been disabled. To enable core dumping, try "ulimit -c unlimited" before starting Java again
#

---------------  S U M M A R Y ------------

Command Line: -XX:ThreadPriorityPolicy=1 -XX:+UnlockExperimentalVMOptions -XX:+EnableJVMCIProduct -XX:-UnlockExperimentalVMOptions -Xmx12288M -Xms12288M -XX:+UseG1GC /opt/sfw/minecraft/minecraft_server.1.21.4.jar nogui

Host: Intel(R) Xeon(R) CPU E5-2670 v2 @ 2.50GHz, 8 cores, 9G, Oracle Linux Server release 7.8
Time: Thu Feb 27 11:02:27 2025 JST elapsed time: 0.010957 seconds (0d 0h 0m 0s)

---------------  T H R E A D  ---------------

Current thread (0x00007f61e0028570):  JavaThread "Unknown thread" [_thread_in_vm, id=670, stack(0x00007f61e8c97000,0x00007f61e8d98000) (1028K)]

Stack: [0x00007f61e8c97000,0x00007f61e8d98000],  sp=0x00007f61e8d964e0,  free space=1021k
Native frames: (J=compiled Java code, j=interpreted, Vv=VM code, C=native code)
V  [libjvm.so+0xf46306]  VMError::report_and_die(int, char const*, char const*, __va_list_tag*, Thread*, unsigned char*, void*, void*, char const*, int, unsigned long)+0x2b6  (os_linux.cpp:2844)
V  [libjvm.so+0xf46d3d]
V  [libjvm.so+0x68c69d]
V  [libjvm.so+0xcdc63d]  os::pd_commit_memory_or_exit(char*, unsigned long, unsigned long, bool, char const*)+0xdd
V  [libjvm.so+0xcd577b]  os::commit_memory_or_exit(char*, unsigned long, unsigned long, bool, char const*)+0x1b
V  [libjvm.so+0x7eefeb]  G1PageBasedVirtualSpace::commit(unsigned long, unsigned long)+0x5b
V  [libjvm.so+0x806d37]  G1RegionsLargerThanCommitSizeMapper::commit_regions(unsigned int, unsigned long, WorkerThreads*)+0xa7
V  [libjvm.so+0x897e56]  HeapRegionManager::commit_regions(unsigned int, unsigned long, WorkerThreads*)+0x56
V  [libjvm.so+0x899a9b]  HeapRegionManager::expand(unsigned int, unsigned int, WorkerThreads*)+0x2b
V  [libjvm.so+0x899ca5]  HeapRegionManager::expand_by(unsigned int, WorkerThreads*)+0x75
V  [libjvm.so+0x7a325c]  G1CollectedHeap::expand(unsigned long, WorkerThreads*, double*)+0xfc
V  [libjvm.so+0x7a37fa]  G1CollectedHeap::initialize()+0x54a
V  [libjvm.so+0xee9d10]  universe_init()+0xd0
V  [libjvm.so+0x8bb8e6]  init_globals()+0x36
V  [libjvm.so+0xec96a7]  Threads::create_vm(JavaVMInitArgs*, bool*)+0x297
V  [libjvm.so+0x99764e]  JNI_CreateJavaVM+0x4e
C  [libjli.so+0x3c2f]  JavaMain+0x8f
C  [libjli.so+0x7ee9]  ThreadJavaMain+0x9

---------------  P R O C E S S  ---------------

Threads class SMR info:
_java_thread_list=0x00007f61e8185520, length=0, elements={
}

Java Threads: ( => current thread )
Total: 0

Other Threads:
  0x00007f61e0080420 WorkerThread "GC Thread#0"                     [id=671, stack(0x00007f61e4285000,0x00007f61e4385000) (1024K)]
  0x00007f61e008db60 ConcurrentGCThread "G1 Main Marker"            [id=672, stack(0x00007f61e4184000,0x00007f61e4284000) (1024K)]
  0x00007f61e008ec20 WorkerThread "G1 Conc#0"                       [id=673, stack(0x00007f61e4083000,0x00007f61e4183000) (1024K)]

[error occurred during error reporting (printing all threads), id 0xb, SIGSEGV (0xb) at pc=0x00007f61e74a0eb0]
VM state: not at safepoint (not fully initialized)

VM Mutex/Monitor currently owned by a thread:  ([mutex/lock_event])
[0x00007f61e815f880] Heap_lock - owner thread: 0x00007f61e0028570

Heap address: 0x0000000500000000, size: 12288 MB, Compressed Oops mode: Zero based, Oop shift amount: 3

CDS archive(s) mapped at: [0x0000000000000000-0x0000000000000000-0x0000000000000000), size 0, SharedBaseAddress: 0x0000000800000000, ArchiveRelocationMode: 1.
Narrow klass base: 0x0000000000000000, Narrow klass shift: 0, Narrow klass range: 0x0

GC Precious Log:
 CardTable entry size: 512
 Card Set container configuration: InlinePtr #cards 4 size 8 Array Of Cards #cards 64 size 144 Howl #buckets 8 coarsen threshold 14745 Howl Bitmap #cards 2048 size 272 coarsen threshold 1843 Card regions per heap region 1 cards per card region 16384

Heap:
 garbage-first heap   total reserved 12582912K, committed 0K, used 0K [0x0000000500000000, 0x0000000800000000)
  region size 8192K, 0 young (0K), 0 survivors (0K)

[error occurred during error reporting (printing heap information), id 0xb, SIGSEGV (0xb) at pc=0x00007f61e7a6a67a]
GC Heap History (0 events):
No events

Dll operation events (1 events):
Event: 0.003 Loaded shared library /opt/sfw/graalvm-jdk-22.0.1+8.1/lib/libjava.so

Deoptimization events (0 events):
No events

Classes loaded (0 events):
No events

Classes unloaded (0 events):
No events

Classes redefined (0 events):
No events

Internal exceptions (0 events):
No events

ZGC Phase Switch (0 events):
No events

VM Operations (0 events):
No events

Events (1 events):
Event: 0.003 Protecting memory [0x00007f61e8c97000,0x00007f61e8c9b000] with protection modes 0


Dynamic libraries:
560759bd3000-560759bd4000 r-xp 00000000 fd:01 33659723                   /opt/sfw/graalvm-jdk-22.0.1+8.1/bin/java
560759bd5000-560759bd6000 r--p 00001000 fd:01 33659723                   /opt/sfw/graalvm-jdk-22.0.1+8.1/bin/java
560759bd6000-560759bd7000 rw-p 00002000 fd:01 33659723                   /opt/sfw/graalvm-jdk-22.0.1+8.1/bin/java
560759d1b000-560759d61000 rw-p 00000000 00:00 0                          [heap]
7f61aa000000-7f61ac000000 rw-p 00000000 00:00 0 
7f61ac000000-7f61ac021000 rw-p 00000000 00:00 0 
7f61ac021000-7f61b0000000 ---p 00000000 00:00 0 
7f61b0000000-7f61b0021000 rw-p 00000000 00:00 0 
7f61b0021000-7f61b4000000 ---p 00000000 00:00 0 
7f61b4000000-7f61b4021000 rw-p 00000000 00:00 0 
7f61b4021000-7f61b8000000 ---p 00000000 00:00 0 
7f61b8ecb000-7f61b9b0c000 rw-p 00000000 00:00 0 
7f61b9b0c000-7f61c730c000 ---p 00000000 00:00 0 
7f61c730c000-7f61c757c000 rwxp 00000000 00:00 0 
7f61c757c000-7f61ce7b7000 ---p 00000000 00:00 0 
7f61ce7b7000-7f61cea27000 rwxp 00000000 00:00 0 
7f61cea27000-7f61cee60000 ---p 00000000 00:00 0 
7f61cee60000-7f61cf0d0000 rwxp 00000000 00:00 0 
7f61cf0d0000-7f61d630c000 ---p 00000000 00:00 0 
7f61d630c000-7f61e0000000 r--s 00000000 fd:01 100723238                  /opt/sfw/graalvm-jdk-22.0.1+8.1/lib/modules
7f61e0000000-7f61e00bc000 rw-p 00000000 00:00 0 
7f61e00bc000-7f61e4000000 ---p 00000000 00:00 0 
7f61e4082000-7f61e4083000 ---p 00000000 00:00 0 
7f61e4083000-7f61e4183000 rw-p 00000000 00:00 0 
7f61e4183000-7f61e4184000 ---p 00000000 00:00 0 
7f61e4184000-7f61e4284000 rw-p 00000000 00:00 0 
7f61e4284000-7f61e4285000 ---p 00000000 00:00 0 
7f61e4285000-7f61e43e9000 rw-p 00000000 00:00 0 
7f61e43e9000-7f61e5be9000 ---p 00000000 00:00 0 
7f61e5be9000-7f61e63f6000 rw-p 00000000 00:00 0 
7f61e63f6000-7f61e64db000 ---p 00000000 00:00 0 
7f61e64db000-7f61e64e0000 rw-p 00000000 00:00 0 
7f61e64e0000-7f61e65c5000 ---p 00000000 00:00 0 
7f61e65c5000-7f61e65d1000 r-xp 00000000 fd:01 69133388                   /usr/lib64/libnss_files-2.17.so
7f61e65d1000-7f61e67d0000 ---p 0000c000 fd:01 69133388                   /usr/lib64/libnss_files-2.17.so
7f61e67d0000-7f61e67d1000 r--p 0000b000 fd:01 69133388                   /usr/lib64/libnss_files-2.17.so
7f61e67d1000-7f61e67d2000 rw-p 0000c000 fd:01 69133388                   /usr/lib64/libnss_files-2.17.so
7f61e67d2000-7f61e67d8000 rw-p 00000000 00:00 0 
7f61e67d8000-7f61e68d9000 r-xp 00000000 fd:01 67387677                   /usr/lib64/libm-2.17.so
7f61e68d9000-7f61e6ad8000 ---p 00101000 fd:01 67387677                   /usr/lib64/libm-2.17.so
7f61e6ad8000-7f61e6ad9000 r--p 00100000 fd:01 67387677                   /usr/lib64/libm-2.17.so
7f61e6ad9000-7f61e6ada000 rw-p 00101000 fd:01 67387677                   /usr/lib64/libm-2.17.so
7f61e6ada000-7f61e6ae1000 r-xp 00000000 fd:01 69377319                   /usr/lib64/librt-2.17.so
7f61e6ae1000-7f61e6ce0000 ---p 00007000 fd:01 69377319                   /usr/lib64/librt-2.17.so
7f61e6ce0000-7f61e6ce1000 r--p 00006000 fd:01 69377319                   /usr/lib64/librt-2.17.so
7f61e6ce1000-7f61e6ce2000 rw-p 00007000 fd:01 69377319                   /usr/lib64/librt-2.17.so
7f61e6ce2000-7f61e8022000 r-xp 00000000 fd:01 109417                     /opt/sfw/graalvm-jdk-22.0.1+8.1/lib/server/libjvm.so
7f61e8022000-7f61e80ef000 r--p 0133f000 fd:01 109417                     /opt/sfw/graalvm-jdk-22.0.1+8.1/lib/server/libjvm.so
7f61e80ef000-7f61e811d000 rw-p 0140c000 fd:01 109417                     /opt/sfw/graalvm-jdk-22.0.1+8.1/lib/server/libjvm.so
7f61e811d000-7f61e8193000 rw-p 00000000 00:00 0 
7f61e8193000-7f61e8356000 r-xp 00000000 fd:01 67166887                   /usr/lib64/libc-2.17.so
7f61e8356000-7f61e8556000 ---p 001c3000 fd:01 67166887                   /usr/lib64/libc-2.17.so
7f61e8556000-7f61e855a000 r--p 001c3000 fd:01 67166887                   /usr/lib64/libc-2.17.so
7f61e855a000-7f61e855c000 rw-p 001c7000 fd:01 67166887                   /usr/lib64/libc-2.17.so
7f61e855c000-7f61e8561000 rw-p 00000000 00:00 0 
7f61e8561000-7f61e8563000 r-xp 00000000 fd:01 67166890                   /usr/lib64/libdl-2.17.so
7f61e8563000-7f61e8763000 ---p 00002000 fd:01 67166890                   /usr/lib64/libdl-2.17.so
7f61e8763000-7f61e8764000 r--p 00002000 fd:01 67166890                   /usr/lib64/libdl-2.17.so
7f61e8764000-7f61e8765000 rw-p 00003000 fd:01 67166890                   /usr/lib64/libdl-2.17.so
7f61e8765000-7f61e877c000 r-xp 00000000 fd:01 69377296                   /usr/lib64/libpthread-2.17.so
7f61e877c000-7f61e897b000 ---p 00017000 fd:01 69377296                   /usr/lib64/libpthread-2.17.so
7f61e897b000-7f61e897c000 r--p 00016000 fd:01 69377296                   /usr/lib64/libpthread-2.17.so
7f61e897c000-7f61e897d000 rw-p 00017000 fd:01 69377296                   /usr/lib64/libpthread-2.17.so
7f61e897d000-7f61e8981000 rw-p 00000000 00:00 0 
7f61e8981000-7f61e8996000 r-xp 00000000 fd:01 67166615                   /usr/lib64/libz.so.1.2.7
7f61e8996000-7f61e8b95000 ---p 00015000 fd:01 67166615                   /usr/lib64/libz.so.1.2.7
7f61e8b95000-7f61e8b96000 r--p 00014000 fd:01 67166615                   /usr/lib64/libz.so.1.2.7
7f61e8b96000-7f61e8b97000 rw-p 00015000 fd:01 67166615                   /usr/lib64/libz.so.1.2.7
7f61e8b97000-7f61e8bb9000 r-xp 00000000 fd:01 67166546                   /usr/lib64/ld-2.17.so
7f61e8bdb000-7f61e8c41000 rw-p 00000000 00:00 0 
7f61e8c41000-7f61e8c4a000 ---p 00000000 00:00 0 
7f61e8c4a000-7f61e8c6a000 r-xp 00000000 fd:01 100723248                  /opt/sfw/graalvm-jdk-22.0.1+8.1/lib/libjava.so
7f61e8c6a000-7f61e8c6b000 ---p 00020000 fd:01 100723248                  /opt/sfw/graalvm-jdk-22.0.1+8.1/lib/libjava.so
7f61e8c6b000-7f61e8c6c000 r--p 00020000 fd:01 100723248                  /opt/sfw/graalvm-jdk-22.0.1+8.1/lib/libjava.so
7f61e8c6c000-7f61e8c6d000 rw-p 00021000 fd:01 100723248                  /opt/sfw/graalvm-jdk-22.0.1+8.1/lib/libjava.so
7f61e8c6d000-7f61e8c6e000 rw-p 00000000 00:00 0 
7f61e8c6e000-7f61e8c76000 rw-s 00000000 fd:01 67166245                   /tmp/hsperfdata_minecraft/669
7f61e8c76000-7f61e8c94000 r-xp 00000000 fd:01 100723249                  /opt/sfw/graalvm-jdk-22.0.1+8.1/lib/libjimage.so
7f61e8c94000-7f61e8c96000 r--p 0001d000 fd:01 100723249                  /opt/sfw/graalvm-jdk-22.0.1+8.1/lib/libjimage.so
7f61e8c96000-7f61e8c97000 rw-p 0001f000 fd:01 100723249                  /opt/sfw/graalvm-jdk-22.0.1+8.1/lib/libjimage.so
7f61e8c97000-7f61e8c9b000 ---p 00000000 00:00 0 
7f61e8c9b000-7f61e8d9c000 rw-p 00000000 00:00 0 
7f61e8d9c000-7f61e8dab000 r-xp 00000000 fd:01 100723251                  /opt/sfw/graalvm-jdk-22.0.1+8.1/lib/libjli.so
7f61e8dab000-7f61e8dac000 r--p 0000e000 fd:01 100723251                  /opt/sfw/graalvm-jdk-22.0.1+8.1/lib/libjli.so
7f61e8dac000-7f61e8dad000 rw-p 0000f000 fd:01 100723251                  /opt/sfw/graalvm-jdk-22.0.1+8.1/lib/libjli.so
7f61e8dad000-7f61e8dae000 rw-p 00000000 00:00 0 
7f61e8db2000-7f61e8db4000 rw-p 00000000 00:00 0 
7f61e8db4000-7f61e8db5000 ---p 00000000 00:00 0 
7f61e8db5000-7f61e8db6000 r--p 00000000 00:00 0 
7f61e8db6000-7f61e8db7000 ---p 00000000 00:00 0 
7f61e8db7000-7f61e8db8000 rw-p 00000000 00:00 0 
7f61e8db8000-7f61e8db9000 r--p 00021000 fd:01 67166546                   /usr/lib64/ld-2.17.so
7f61e8db9000-7f61e8dba000 rw-p 00022000 fd:01 67166546                   /usr/lib64/ld-2.17.so
7f61e8dba000-7f61e8dbb000 rw-p 00000000 00:00 0 
7ffc9335b000-7ffc9337c000 rw-p 00000000 00:00 0                          [stack]
7ffc933c7000-7ffc933c9000 r-xp 00000000 00:00 0                          [vdso]
ffffffffff600000-ffffffffff601000 r-xp 00000000 00:00 0                  [vsyscall]
Total number of mappings: 97


VM Arguments:
jvm_args: -XX:ThreadPriorityPolicy=1 -XX:+UnlockExperimentalVMOptions -XX:+EnableJVMCIProduct -XX:-UnlockExperimentalVMOptions -Xmx12288M -Xms12288M -XX:+UseG1GC 
java_command: /opt/sfw/minecraft/minecraft_server.1.21.4.jar nogui
java_class_path (initial): /opt/sfw/minecraft/minecraft_server.1.21.4.jar
Launcher Type: SUN_STANDARD

[Global flags]
     intx CICompilerCount                          = 4                                         {product} {ergonomic}
     uint ConcGCThreads                            = 2                                         {product} {ergonomic}
     bool EnableJVMCIProduct                       = true                                {JVMCI product} {jimage}
     uint G1ConcRefinementThreads                  = 8                                         {product} {ergonomic}
   size_t G1HeapRegionSize                         = 8388608                                   {product} {ergonomic}
   size_t InitialHeapSize                          = 12884901888                               {product} {command line}
   size_t MarkStackSize                            = 4194304                                   {product} {ergonomic}
   size_t MaxHeapSize                              = 12884901888                               {product} {command line}
   size_t MinHeapDeltaBytes                        = 8388608                                   {product} {ergonomic}
   size_t MinHeapSize                              = 12884901888                               {product} {command line}
    uintx NonNMethodCodeHeapSize                   = 6979620                                {pd product} {ergonomic}
    uintx NonProfiledCodeHeapSize                  = 122339310                              {pd product} {ergonomic}
    uintx ProfiledCodeHeapSize                     = 122339310                              {pd product} {ergonomic}
    uintx ReservedCodeCacheSize                    = 251658240                              {pd product} {ergonomic}
     bool SegmentedCodeCache                       = true                                      {product} {ergonomic}
   size_t SoftMaxHeapSize                          = 12884901888                            {manageable} {ergonomic}
      int ThreadPriorityPolicy                     = 1                                         {product} {jimage}
     bool UseCompressedOops                        = true                           {product lp64_product} {ergonomic}
     bool UseG1GC                                  = true                                      {product} {command line}

Logging:
Log output configuration:
 #0: stdout all=warning uptime,level,tags foldmultilines=false
 #1: stderr all=off uptime,level,tags foldmultilines=false

Environment Variables:
PATH=/usr/local/sbin:/usr/local/bin:/usr/sbin:/usr/bin
SHELL=/bin/bash
LANG=ja_JP.UTF-8
TERM=screen

Active Locale:
LC_ALL=C
LC_COLLATE=C
LC_CTYPE=C
LC_MESSAGES=C
LC_MONETARY=C
LC_NUMERIC=C
LC_TIME=C

Signal Handlers:
   SIGSEGV: crash_handler in libjvm.so, mask=11100100010111111101111111111110, flags=SA_RESTART|SA_SIGINFO, unblocked
    SIGBUS: crash_handler in libjvm.so, mask=11100100010111111101111111111110, flags=SA_RESTART|SA_SIGINFO, unblocked
    SIGFPE: crash_handler in libjvm.so, mask=11100100010111111101111111111110, flags=SA_RESTART|SA_SIGINFO, unblocked
   SIGPIPE: javaSignalHandler in libjvm.so, mask=11100100010111111101111111111110, flags=SA_RESTART|SA_SIGINFO, blocked
   SIGXFSZ: javaSignalHandler in libjvm.so, mask=11100100010111111101111111111110, flags=SA_RESTART|SA_SIGINFO, blocked
    SIGILL: crash_handler in libjvm.so, mask=11100100010111111101111111111110, flags=SA_RESTART|SA_SIGINFO, unblocked
   SIGUSR2: SR_handler in libjvm.so, mask=00000000000000000000000000000000, flags=SA_RESTART|SA_SIGINFO, blocked
    SIGHUP: SIG_DFL, mask=00000000000000000000000000000000, flags=none, blocked
    SIGINT: SIG_DFL, mask=00000000000000000000000000000000, flags=none, blocked
   SIGTERM: SIG_DFL, mask=00000000000000000000000000000000, flags=none, blocked
   SIGQUIT: UserHandler in libjvm.so, mask=11100100010111111101111111111110, flags=SA_RESTART|SA_SIGINFO, blocked
   SIGTRAP: crash_handler in libjvm.so, mask=11100100010111111101111111111110, flags=SA_RESTART|SA_SIGINFO, unblocked


Periodic native trim disabled

---------------  S Y S T E M  ---------------

OS:
Oracle Linux Server release 7.8
uname: Linux 3.10.0-1127.13.1.el7.x86_64 #1 SMP Tue Jun 23 15:09:26 PDT 2020 x86_64
OS uptime: 1422 days 20:58 hours
libc: glibc 2.17 NPTL 2.17 
rlimit (soft/hard): STACK 8192k/infinity , CORE 0k/infinity , NPROC 95663/95663 , NOFILE 4096/4096 , AS infinity/infinity , CPU infinity/infinity , DATA infinity/infinity , FSIZE infinity/infinity , MEMLOCK 64k/64k
load average: 0.37 0.46 0.24

/proc/meminfo:
MemTotal:       10031252 kB
MemFree:         8641420 kB
MemAvailable:    9401404 kB
Buffers:               0 kB
Cached:          1059024 kB
SwapCached:          588 kB
Active:            42740 kB
Inactive:        1041156 kB
Active(anon):      25092 kB
Inactive(anon):    40136 kB
Active(file):      17648 kB
Inactive(file):  1001020 kB
Unevictable:           0 kB
Mlocked:               0 kB
SwapTotal:       2113532 kB
SwapFree:        1309728 kB
Dirty:              1788 kB
Writeback:             0 kB
AnonPages:         24544 kB
Mapped:            20700 kB
Shmem:             40356 kB
Slab:             107544 kB
SReclaimable:      48544 kB
SUnreclaim:        59000 kB
KernelStack:        3392 kB
PageTables:         9244 kB
NFS_Unstable:          0 kB
Bounce:                0 kB
WritebackTmp:          0 kB
CommitLimit:     7129156 kB
Committed_AS:    1096148 kB
VmallocTotal:   34359738367 kB
VmallocUsed:       73048 kB
VmallocChunk:   34359658492 kB
Percpu:             2816 kB
HardwareCorrupted:     0 kB
AnonHugePages:         0 kB
CmaTotal:              0 kB
CmaFree:               0 kB
HugePages_Total:       0
HugePages_Free:        0
HugePages_Rsvd:        0
HugePages_Surp:        0
Hugepagesize:       2048 kB
DirectMap4k:       90112 kB
DirectMap2M:     7241728 kB
DirectMap1G:    17825792 kB

/sys/kernel/mm/transparent_hugepage/enabled: [always] madvise never
/sys/kernel/mm/transparent_hugepage/hpage_pmd_size: <Not Available>
/sys/kernel/mm/transparent_hugepage/shmem_enabled: <Not Available>
/sys/kernel/mm/transparent_hugepage/defrag (defrag/compaction efforts parameter): [always] madvise never

Process Memory:
Virtual Size: 1014484K (peak: 13593060K)
Resident Set Size: 13148K (peak: 13148K) (anon: 6960K, file: 6188K, shmem: 0K)
Swapped out: 0K
C-Heap outstanding allocations: 21998K, retained: 609K
glibc malloc tunables: (default)

/proc/sys/kernel/threads-max (system-wide limit on the number of threads): 191327
/proc/sys/vm/max_map_count (maximum number of memory map areas a process may have): 65530
/proc/sys/kernel/pid_max (system-wide limit on number of process identifiers): 32768

container (cgroup) information:
container_type: cgroupv1
cpu_cpuset_cpus: 0-7
cpu_memory_nodes: 0
active_processor_count: 8
cpu_quota: no quota
cpu_period: 100000
cpu_shares: no shares
memory_limit_in_bytes: unlimited
memory_and_swap_limit_in_bytes: unlimited
memory_soft_limit_in_bytes: unlimited
memory_usage_in_bytes: 1083992 k
memory_max_usage_in_bytes: unlimited
kernel_memory_usage_in_bytes: unlimited
kernel_memory_max_usage_in_bytes: unlimited
kernel_memory_limit_in_bytes: unlimited
maximum number of tasks: not supported
current number of tasks: 213

Xen hardware-assisted virtualization detected
Steal ticks since vm start: 0
Steal ticks percentage since vm start:  0.000

CPU: total 8 (initial active 8) (2 cores per cpu, 1 threads per core) family 6 model 63 stepping 2 microcode 0x42d, cx8, cmov, fxsr, mmx, sse, sse2, sse3, ssse3, sse4.1, sse4.2, popcnt, tsc, avx, aes, erms, clmul, vzeroupper, clflush, hv, rdtscp, f16c
CPU Model and flags from /proc/cpuinfo:
model name	: Intel(R) Xeon(R) CPU E5-2670 v2 @ 2.50GHz
flags		: fpu vme de pse tsc msr pae mce cx8 apic sep mtrr pge mca cmov pat pse36 clflush acpi mmx fxsr sse sse2 ht syscall nx pdpe1gb rdtscp lm constant_tsc rep_good nopl eagerfpu pni pclmulqdq ssse3 cx16 pcid sse4_1 sse4_2 x2apic popcnt tsc_deadline_timer aes xsave avx f16c rdrand hypervisor lahf_lm intel_ppin ssbd ibrs ibpb stibp fsgsbase smep erms xsaveopt spec_ctrl intel_stibp flush_l1d

Online cpus: 0-7
Offline cpus: 8-14
BIOS frequency limitation: <Not Available>
Frequency switch latency (ns): <Not Available>
Available cpu frequencies: <Not Available>
Current governor: <Not Available>
Core performance/turbo boost: <Not Available>

Memory: 4k page, physical 10010772k(9403448k free), swap 2113532k(1309728k free)
Page Sizes: 4k

vm_info: Java HotSpot(TM) 64-Bit Server VM (22.0.1+8-jvmci-b01) for linux-amd64 JRE (22.0.1+8-jvmci-b01), built on 2024-03-14T00:30:39Z by "buildslave" with gcc 13.2.0

END.
